==3939== Memcheck, a memory error detector
==3939== Copyright (C) 2002-2017, and GNU GPL'd, by Julian Seward et al.
==3939== Using Valgrind-3.18.1 and LibVEX; rerun with -h for copyright info
==3939== Command: ./cp
==3939== Parent PID: 3900
==3939== 
==3939== 
==3939== HEAP SUMMARY:
==3939==     in use at exit: 12,000,000 bytes in 200,000 blocks
==3939==   total heap usage: 200,003 allocs, 3 frees, 12,005,592 bytes allocated
==3939== 
==3939== 1,920 bytes in 120 blocks are still reachable in loss record 1 of 4
==3939==    at 0x4848899: malloc (in /usr/libexec/valgrind/vgpreload_memcheck-amd64-linux.so)
==3939==    by 0x109447: createNode (in /home/israel/Downloads/checkpoint-Israel-Co-school_db_dev/cp)
==3939==    by 0x1096BB: initSchool (in /home/israel/Downloads/checkpoint-Israel-Co-school_db_dev/cp)
==3939==    by 0x109895: main (in /home/israel/Downloads/checkpoint-Israel-Co-school_db_dev/cp)
==3939==    by 0x4895D8F: __libc_start_call_main (libc_start_call_main.h:58)
==3939==    by 0x4895E3F: __libc_start_main@@GLIBC_2.34 (libc-start.c:392)
==3939==    by 0x1091C4: _start (in /home/israel/Downloads/checkpoint-Israel-Co-school_db_dev/cp)
==3939==    by 0x1FFEFFFFD7: ???
==3939==    by 0x1B: ???
==3939== 
==3939== 12,480 bytes in 120 blocks are still reachable in loss record 2 of 4
==3939==    at 0x4848899: malloc (in /usr/libexec/valgrind/vgpreload_memcheck-amd64-linux.so)
==3939==    by 0x1092AE: createStudent (in /home/israel/Downloads/checkpoint-Israel-Co-school_db_dev/cp)
==3939==    by 0x1096B3: initSchool (in /home/israel/Downloads/checkpoint-Israel-Co-school_db_dev/cp)
==3939==    by 0x109895: main (in /home/israel/Downloads/checkpoint-Israel-Co-school_db_dev/cp)
==3939==    by 0x4895D8F: __libc_start_call_main (libc_start_call_main.h:58)
==3939==    by 0x4895E3F: __libc_start_main@@GLIBC_2.34 (libc-start.c:392)
==3939==    by 0x1091C4: _start (in /home/israel/Downloads/checkpoint-Israel-Co-school_db_dev/cp)
==3939==    by 0x1FFEFFFFD7: ???
==3939==    by 0x1B: ???
==3939== 
==3939== 1,598,080 bytes in 99,880 blocks are still reachable in loss record 3 of 4
==3939==    at 0x4848899: malloc (in /usr/libexec/valgrind/vgpreload_memcheck-amd64-linux.so)
==3939==    by 0x109447: createNode (in /home/israel/Downloads/checkpoint-Israel-Co-school_db_dev/cp)
==3939==    by 0x109724: initSchool (in /home/israel/Downloads/checkpoint-Israel-Co-school_db_dev/cp)
==3939==    by 0x109895: main (in /home/israel/Downloads/checkpoint-Israel-Co-school_db_dev/cp)
==3939==    by 0x4895D8F: __libc_start_call_main (libc_start_call_main.h:58)
==3939==    by 0x4895E3F: __libc_start_main@@GLIBC_2.34 (libc-start.c:392)
==3939==    by 0x1091C4: _start (in /home/israel/Downloads/checkpoint-Israel-Co-school_db_dev/cp)
==3939==    by 0x1FFEFFFFD7: ???
==3939==    by 0x1B: ???
==3939== 
==3939== 10,387,520 bytes in 99,880 blocks are still reachable in loss record 4 of 4
==3939==    at 0x4848899: malloc (in /usr/libexec/valgrind/vgpreload_memcheck-amd64-linux.so)
==3939==    by 0x1092AE: createStudent (in /home/israel/Downloads/checkpoint-Israel-Co-school_db_dev/cp)
==3939==    by 0x10971C: initSchool (in /home/israel/Downloads/checkpoint-Israel-Co-school_db_dev/cp)
==3939==    by 0x109895: main (in /home/israel/Downloads/checkpoint-Israel-Co-school_db_dev/cp)
==3939==    by 0x4895D8F: __libc_start_call_main (libc_start_call_main.h:58)
==3939==    by 0x4895E3F: __libc_start_main@@GLIBC_2.34 (libc-start.c:392)
==3939==    by 0x1091C4: _start (in /home/israel/Downloads/checkpoint-Israel-Co-school_db_dev/cp)
==3939==    by 0x1FFEFFFFD7: ???
==3939==    by 0x1B: ???
==3939== 
==3939== LEAK SUMMARY:
==3939==    definitely lost: 0 bytes in 0 blocks
==3939==    indirectly lost: 0 bytes in 0 blocks
==3939==      possibly lost: 0 bytes in 0 blocks
==3939==    still reachable: 12,000,000 bytes in 200,000 blocks
==3939==         suppressed: 0 bytes in 0 blocks
==3939== 
==3939== For lists of detected and suppressed errors, rerun with: -s
==3939== ERROR SUMMARY: 0 errors from 0 contexts (suppressed: 0 from 0)
